[15:06:35] (4185) 
[15:06:35] (4185) /home/pri/Tool/gen.sh -p GEN_P1 -s /home/pri/conf.txt -t /home/pri -d /tmp -b 10 -e 50
[15:06:35] (4185) 
[15:06:35] (4185) ----- settings -----
[15:06:35] (4185) Working home: /home/pri/Tool
[15:06:35] (4185) Source      : /home/pri/conf.txt
[15:06:35] (4185) Target      : /home/pri
[15:06:35] (4185) Phase       : GEN_P1
[15:06:35] (4185) Phase dir   : /home/pri/Tool/phase/GEN_P1
[15:06:35] (4185) First step    : 10
[15:06:35] (4185) Last step     : 50
[15:06:35] (4185) --------------------
[15:06:35] (4185) Executing step 010 - 010_clen_up
[15:06:35] (4185) /bin/ksh93  /home/pri/Tool/phase/GEN_P1/010_clen_up -p GEN_P1 -s /home/pri/conf.txt -t /home/pri -d /tmp -b 10 -e 50
[15:06:35] (4185) Executing step 020 - 020_parse_conf
[15:06:35] (4185) /bin/ksh93  /home/pri/Tool/phase/GEN_P1/020_parse_conf -p GEN_P1 -s /home/pri/conf.txt -t /home/pri -d /tmp -b 10 -e 50
[15:06:35] (4211) Check config file /home/pri/conf.txt
[15:06:35] (4211) Link /home/pri/Tool/gener/dbtbl_tmp/ZZGDB.m for DEP.BAL
[15:06:35] (4211) Link /home/pri/Tool/gener/dbtbl_tmp/ZZGDB.m for DEP.ACN
[15:06:35] (4211) Link /home/pri/Tool/gener/dbtbl_tmp/ZZGDB.m for DEP.ACCTNAME
[15:06:35] (4211) Link /home/pri/Tool/gener/dbtbl_tmp/ZZGDB.m for CIF.NAM
[15:06:35] (4211) Link /home/pri/Tool/gener/dbtbl_tmp/ZZGDB.m for CIF.XNAME
[15:06:35] (4211) Link /home/pri/Tool/gener/dbtbl_tmp/ZZGDB.m for EFTPAY.RELREFNO
[15:06:35] (4185) Executing step 030 - 030_gen_trg_def
[15:06:35] (4185) /bin/ksh93  /home/pri/Tool/phase/GEN_P1/030_gen_trg_def -p GEN_P1 -s /home/pri/conf.txt -t /home/pri -d /tmp -b 10 -e 50
[15:06:35] (4428) Gen triggers definition
[15:06:35] (4185) Executing step 040 - 040_gen_rou_def
[15:06:35] (4185) /bin/ksh93  /home/pri/Tool/phase/GEN_P1/040_gen_rou_def -p GEN_P1 -s /home/pri/conf.txt -t /home/pri -d /tmp -b 10 -e 50
[15:06:35] (4494) Gen routines definition
[15:06:35] (4185) Executing step 050 - 050_gen_pipe_maker
[15:06:35] (4185) /bin/ksh93  /home/pri/Tool/phase/GEN_P1/050_gen_pipe_maker -p GEN_P1 -s /home/pri/conf.txt -t /home/pri -d /tmp -b 10 -e 50
[15:06:35] (4627) Gen scripts
[15:06:35] (4185) Phase GEN_P1 finished with step 50.
