[15:00:11] (32522) 
[15:00:11] (32522) /home/pri/Tool/gen.sh -p GEN_P1 -s /home/pri/conf.txt -t /home/pri -d /tmp -b 10 -e 50
[15:00:11] (32522) 
[15:00:11] (32522) ----- settings -----
[15:00:11] (32522) Working home: /home/pri/Tool
[15:00:11] (32522) Source      : /home/pri/conf.txt
[15:00:11] (32522) Target      : /home/pri
[15:00:11] (32522) Phase       : GEN_P1
[15:00:11] (32522) Phase dir   : /home/pri/Tool/phase/GEN_P1
[15:00:11] (32522) First step    : 10
[15:00:11] (32522) Last step     : 50
[15:00:11] (32522) --------------------
[15:00:11] (32522) Executing step 010 - 010_clen_up
[15:00:11] (32522) /bin/ksh93  /home/pri/Tool/phase/GEN_P1/010_clen_up -p GEN_P1 -s /home/pri/conf.txt -t /home/pri -d /tmp -b 10 -e 50
[15:00:11] (32522) Executing step 020 - 020_parse_conf
[15:00:11] (32522) /bin/ksh93  /home/pri/Tool/phase/GEN_P1/020_parse_conf -p GEN_P1 -s /home/pri/conf.txt -t /home/pri -d /tmp -b 10 -e 50
[15:00:11] (32548) Check config file /home/pri/conf.txt
[15:00:11] (32548) Link /home/pri/Tool/gener/dbtbl_tmp/ZZGDB.m for DEP.BAL
[15:00:11] (32548) Link /home/pri/Tool/gener/dbtbl_tmp/ZZGDB.m for DEP.ACN
[15:00:11] (32548) Link /home/pri/Tool/gener/dbtbl_tmp/ZZGDB.m for DEP.ACCTNAME
[15:00:11] (32548) Link /home/pri/Tool/gener/dbtbl_tmp/ZZGDB.m for CIF.NAM
[15:00:11] (32548) Link /home/pri/Tool/gener/dbtbl_tmp/ZZGDB.m for CIF.XNAME
[15:00:11] (32548) Link /home/pri/Tool/gener/dbtbl_tmp/ZZGDB.m for EFTPAY.RELREFNO
[15:00:11] (32522) Executing step 030 - 030_gen_trg_def
[15:00:11] (32522) /bin/ksh93  /home/pri/Tool/phase/GEN_P1/030_gen_trg_def -p GEN_P1 -s /home/pri/conf.txt -t /home/pri -d /tmp -b 10 -e 50
[15:00:11] (32765) Gen triggers definition
[15:00:11] (32522) Executing step 040 - 040_gen_rou_def
[15:00:11] (32522) /bin/ksh93  /home/pri/Tool/phase/GEN_P1/040_gen_rou_def -p GEN_P1 -s /home/pri/conf.txt -t /home/pri -d /tmp -b 10 -e 50
[15:00:11] (367) Gen routines definition
[15:00:11] (32522) Executing step 050 - 050_gen_pipe_maker
[15:00:11] (32522) /bin/ksh93  /home/pri/Tool/phase/GEN_P1/050_gen_pipe_maker -p GEN_P1 -s /home/pri/conf.txt -t /home/pri -d /tmp -b 10 -e 50
[15:00:11] (470) Gen scripts
[15:00:11] (32522) Phase GEN_P1 finished with step 50.
