[14:50:17] (29476) 
[14:50:17] (29476) /home/pri/Tool/gen.sh -p GEN_P1 -s /home/pri/conf.txt -t /home/pri -d /tmp -b 10 -e 50
[14:50:17] (29476) 
[14:50:17] (29476) ----- settings -----
[14:50:17] (29476) Working home: /home/pri/Tool
[14:50:17] (29476) Source      : /home/pri/conf.txt
[14:50:17] (29476) Target      : /home/pri
[14:50:17] (29476) Phase       : GEN_P1
[14:50:17] (29476) Phase dir   : /home/pri/Tool/phase/GEN_P1
[14:50:17] (29476) First step    : 10
[14:50:17] (29476) Last step     : 50
[14:50:17] (29476) --------------------
[14:50:17] (29476) Executing step 010 - 010_clen_up
[14:50:17] (29476) /bin/ksh93  /home/pri/Tool/phase/GEN_P1/010_clen_up -p GEN_P1 -s /home/pri/conf.txt -t /home/pri -d /tmp -b 10 -e 50
[14:50:17] (29476) Executing step 020 - 020_parse_conf
[14:50:17] (29476) /bin/ksh93  /home/pri/Tool/phase/GEN_P1/020_parse_conf -p GEN_P1 -s /home/pri/conf.txt -t /home/pri -d /tmp -b 10 -e 50
[14:50:17] (29502) Check config file /home/pri/conf.txt
[14:50:17] (29502) Link /home/pri/Tool/gener/dbtbl_tmp/ZZGDB.m for DEP.BAL
[14:50:17] (29502) Link /home/pri/Tool/gener/dbtbl_tmp/ZZGDB.m for DEP.ACN
[14:50:17] (29502) Link /home/pri/Tool/gener/dbtbl_tmp/ZZGDB.m for DEP.ACCTNAME
[14:50:17] (29502) Link /home/pri/Tool/gener/dbtbl_tmp/ZZGDB.m for CIF.NAM
[14:50:17] (29502) Link /home/pri/Tool/gener/dbtbl_tmp/ZZGDB.m for CIF.XNAME
[14:50:18] (29502) Link /home/pri/Tool/gener/dbtbl_tmp/ZZGDB.m for EFTPAY.RELREFNO
[14:50:18] (29476) Executing step 030 - 030_gen_trg_def
[14:50:18] (29476) /bin/ksh93  /home/pri/Tool/phase/GEN_P1/030_gen_trg_def -p GEN_P1 -s /home/pri/conf.txt -t /home/pri -d /tmp -b 10 -e 50
[14:50:18] (29719) Gen triggers definition
[14:50:18] (29476) Executing step 040 - 040_gen_rou_def
[14:50:18] (29476) /bin/ksh93  /home/pri/Tool/phase/GEN_P1/040_gen_rou_def -p GEN_P1 -s /home/pri/conf.txt -t /home/pri -d /tmp -b 10 -e 50
[14:50:18] (29785) Gen routines definition
[14:50:18] (29476) === ERROR === Step 040_gen_rou_def failed with status 3
