[10:55:47] (19483) 
[10:55:47] (19483) /home/pri/Tool/gen.sh -p GEN_P1 -s /home/pri/conf.txt -t /home/pri -d /tmp -b 10 -e 50
[10:55:47] (19483) 
[10:55:47] (19483) ----- settings -----
[10:55:47] (19483) Working home: /home/pri/Tool
[10:55:47] (19483) Source      : /home/pri/conf.txt
[10:55:47] (19483) Target      : /home/pri
[10:55:47] (19483) Phase       : GEN_P1
[10:55:47] (19483) Phase dir   : /home/pri/Tool/phase/GEN_P1
[10:55:47] (19483) First step    : 10
[10:55:47] (19483) Last step     : 50
[10:55:47] (19483) --------------------
[10:55:47] (19483) Executing step 010 - 010_clen_up
[10:55:47] (19483) /bin/ksh93  /home/pri/Tool/phase/GEN_P1/010_clen_up -p GEN_P1 -s /home/pri/conf.txt -t /home/pri -d /tmp -b 10 -e 50
[10:55:47] (19483) Executing step 020 - 020_parse_conf
[10:55:47] (19483) /bin/ksh93  /home/pri/Tool/phase/GEN_P1/020_parse_conf -p GEN_P1 -s /home/pri/conf.txt -t /home/pri -d /tmp -b 10 -e 50
[10:55:47] (19509) Check config file /home/pri/conf.txt
[10:55:47] (19509) Link /home/pri/Tool/gener/dbtbl_tmp/ZZGDB.m for DEP.BAL
[10:55:47] (19509) Link /home/pri/Tool/gener/dbtbl_tmp/ZZGDB.m for DEP.ACN
[10:55:47] (19509) Link /home/pri/Tool/gener/dbtbl_tmp/ZZGDB.m for DEP.ACCTNAME
[10:55:47] (19509) Link /home/pri/Tool/gener/dbtbl_tmp/ZZGDB.m for CIF.NAM
[10:55:47] (19509) Link /home/pri/Tool/gener/dbtbl_tmp/ZZGDB.m for CIF.XNAME
[10:55:47] (19509) Link /home/pri/Tool/gener/dbtbl_tmp/ZZGDB.m for EFTPAY.RELREFNO
[10:55:47] (19483) Executing step 030 - 030_gen_trg_def
[10:55:47] (19483) /bin/ksh93  /home/pri/Tool/phase/GEN_P1/030_gen_trg_def -p GEN_P1 -s /home/pri/conf.txt -t /home/pri -d /tmp -b 10 -e 50
[10:55:47] (19726) Gen triggers definition
[10:55:48] (19483) Executing step 040 - 040_gen_rou_def
[10:55:48] (19483) /bin/ksh93  /home/pri/Tool/phase/GEN_P1/040_gen_rou_def -p GEN_P1 -s /home/pri/conf.txt -t /home/pri -d /tmp -b 10 -e 50
[10:55:48] (19792) Gen routines definition
[10:55:48] (19483) Executing step 050 - 050_gen_pipe_maker
[10:55:48] (19483) /bin/ksh93  /home/pri/Tool/phase/GEN_P1/050_gen_pipe_maker -p GEN_P1 -s /home/pri/conf.txt -t /home/pri -d /tmp -b 10 -e 50
[10:55:48] (19863) Gen scripts
[10:55:48] (19483) Phase GEN_P1 finished with step 50.
