[09:55:53] (8227) 
[09:55:53] (8227) /home/pri/Tool/gen.sh -p GEN_P1 -s /home/pri/conf.txt -t /home/pri -r 125 -b 10 -e 40
[09:55:53] (8227) 
[09:55:53] (8227) ----- settings -----
[09:55:53] (8227) Working home: /home/pri/Tool
[09:55:53] (8227) Source      : /home/pri/conf.txt
[09:55:53] (8227) Target      : /home/pri
[09:55:53] (8227) Phase       : GEN_P1
[09:55:53] (8227) Phase dir   : /home/pri/Tool/phase/GEN_P1
[09:55:53] (8227) First step    : 10
[09:55:53] (8227) Last step     : 40
[09:55:53] (8227) --------------------
[09:55:53] (8227) Executing step 010 - 010_clen_up
[09:55:53] (8227) /bin/ksh93  /home/pri/Tool/phase/GEN_P1/010_clen_up -p GEN_P1 -s /home/pri/conf.txt -t /home/pri -r 125 -b 10 -e 40
[09:55:53] (8227) Executing step 020 - 020_parse_conf
[09:55:53] (8227) /bin/ksh93  /home/pri/Tool/phase/GEN_P1/020_parse_conf -p GEN_P1 -s /home/pri/conf.txt -t /home/pri -r 125 -b 10 -e 40
[09:55:53] (8253) Check config file /home/pri/conf.txt
[09:55:53] (8253) Link /home/pri/Tool/gener/dbtbl_tmp/ZZGDB.m for DEP.BAL
[09:55:53] (8253) Link /home/pri/Tool/gener/dbtbl_tmp/ZZGDB.m for DEP.ACN
[09:55:53] (8253) Link /home/pri/Tool/gener/dbtbl_tmp/ZZGDB.m for DEP.BALAVL
[09:55:53] (8253) Link /home/pri/Tool/gener/dbtbl_tmp/ZZGDB.m for DEP.ACCTNAME
[09:55:53] (8253) Link /home/pri/Tool/gener/dbtbl_tmp/ZZGDB.m for CIF.NAM
[09:55:53] (8253) Link /home/pri/Tool/gener/dbtbl_tmp/ZZGDB.m for CIF.XNAME
[09:55:54] (8253) Link /home/pri/Tool/gener/dbtbl_tmp/ZZGDB.m for EFTPAY.RELREFNO
[09:55:54] (8227) Executing step 030 - 030_gen_trg_def
[09:55:54] (8227) /bin/ksh93  /home/pri/Tool/phase/GEN_P1/030_gen_trg_def -p GEN_P1 -s /home/pri/conf.txt -t /home/pri -r 125 -b 10 -e 40
[09:55:54] (8483) Gen triggers definition
[09:55:54] (8227) Executing step 040 - 040_gen_rou_def
[09:55:54] (8227) /bin/ksh93  /home/pri/Tool/phase/GEN_P1/040_gen_rou_def -p GEN_P1 -s /home/pri/conf.txt -t /home/pri -r 125 -b 10 -e 40
[09:55:54] (8549) Gen routines definition
[09:55:54] (8549)  CID jeden klic
[09:55:54] (8549)  ACN jeden klic
[09:55:54] (8549)  CID,SEQ vic klicu
[09:55:54] (8227) Phase GEN_P1 finished with step 40.
