[09:56:20] (8642) 
[09:56:20] (8642) /home/pri/Tool/gen.sh -p GEN_P1 -s /home/pri/conf.txt -t /home/pri -r 125 -b 10 -e 40
[09:56:20] (8642) 
[09:56:20] (8642) ----- settings -----
[09:56:20] (8642) Working home: /home/pri/Tool
[09:56:20] (8642) Source      : /home/pri/conf.txt
[09:56:20] (8642) Target      : /home/pri
[09:56:20] (8642) Phase       : GEN_P1
[09:56:20] (8642) Phase dir   : /home/pri/Tool/phase/GEN_P1
[09:56:20] (8642) First step    : 10
[09:56:20] (8642) Last step     : 40
[09:56:20] (8642) --------------------
[09:56:20] (8642) Executing step 010 - 010_clen_up
[09:56:20] (8642) /bin/ksh93  /home/pri/Tool/phase/GEN_P1/010_clen_up -p GEN_P1 -s /home/pri/conf.txt -t /home/pri -r 125 -b 10 -e 40
[09:56:20] (8642) Executing step 020 - 020_parse_conf
[09:56:20] (8642) /bin/ksh93  /home/pri/Tool/phase/GEN_P1/020_parse_conf -p GEN_P1 -s /home/pri/conf.txt -t /home/pri -r 125 -b 10 -e 40
[09:56:20] (8668) Check config file /home/pri/conf.txt
[09:56:20] (8668) Link /home/pri/Tool/gener/dbtbl_tmp/ZZGDB.m for DEP.BAL
[09:56:20] (8668) Link /home/pri/Tool/gener/dbtbl_tmp/ZZGDB.m for DEP.ACN
[09:56:20] (8668) Link /home/pri/Tool/gener/dbtbl_tmp/ZZGDB.m for DEP.BALAVL
[09:56:20] (8668) Link /home/pri/Tool/gener/dbtbl_tmp/ZZGDB.m for DEP.ACCTNAME
[09:56:21] (8668) Link /home/pri/Tool/gener/dbtbl_tmp/ZZGDB.m for CIF.NAM
[09:56:21] (8668) Link /home/pri/Tool/gener/dbtbl_tmp/ZZGDB.m for CIF.XNAME
[09:56:21] (8668) Link /home/pri/Tool/gener/dbtbl_tmp/ZZGDB.m for EFTPAY.RELREFNO
[09:56:21] (8642) Executing step 030 - 030_gen_trg_def
[09:56:21] (8642) /bin/ksh93  /home/pri/Tool/phase/GEN_P1/030_gen_trg_def -p GEN_P1 -s /home/pri/conf.txt -t /home/pri -r 125 -b 10 -e 40
[09:56:21] (8898) Gen triggers definition
[09:56:21] (8642) Executing step 040 - 040_gen_rou_def
[09:56:21] (8642) /bin/ksh93  /home/pri/Tool/phase/GEN_P1/040_gen_rou_def -p GEN_P1 -s /home/pri/conf.txt -t /home/pri -r 125 -b 10 -e 40
[09:56:21] (8964) Gen routines definition
[09:56:21] (8964)  CID jeden klic
[09:56:21] (8964)  ACN jeden klic
[09:56:21] (8964)  CID,SEQ vic klicu
[09:56:21] (8642) Phase GEN_P1 finished with step 40.
