[10:57:54] (20337) 
[10:57:54] (20337) /home/pri/Tool/gen.sh -p GEN_P1 -s /home/pri/conf.txt -t /home/pri -d /tmp -b 10 -e 50
[10:57:54] (20337) 
[10:57:54] (20337) ----- settings -----
[10:57:54] (20337) Working home: /home/pri/Tool
[10:57:54] (20337) Source      : /home/pri/conf.txt
[10:57:54] (20337) Target      : /home/pri
[10:57:54] (20337) Phase       : GEN_P1
[10:57:54] (20337) Phase dir   : /home/pri/Tool/phase/GEN_P1
[10:57:54] (20337) First step    : 10
[10:57:54] (20337) Last step     : 50
[10:57:54] (20337) --------------------
[10:57:54] (20337) Executing step 010 - 010_clen_up
[10:57:54] (20337) /bin/ksh93  /home/pri/Tool/phase/GEN_P1/010_clen_up -p GEN_P1 -s /home/pri/conf.txt -t /home/pri -d /tmp -b 10 -e 50
[10:57:54] (20337) Executing step 020 - 020_parse_conf
[10:57:54] (20337) /bin/ksh93  /home/pri/Tool/phase/GEN_P1/020_parse_conf -p GEN_P1 -s /home/pri/conf.txt -t /home/pri -d /tmp -b 10 -e 50
[10:57:54] (20363) Check config file /home/pri/conf.txt
[10:57:54] (20363) Link /home/pri/Tool/gener/dbtbl_tmp/ZZGDB.m for DEP.BAL
[10:57:54] (20363) Link /home/pri/Tool/gener/dbtbl_tmp/ZZGDB.m for DEP.ACN
[10:57:54] (20363) Link /home/pri/Tool/gener/dbtbl_tmp/ZZGDB.m for DEP.ACCTNAME
[10:57:55] (20363) Link /home/pri/Tool/gener/dbtbl_tmp/ZZGDB.m for CIF.NAM
[10:57:55] (20363) Link /home/pri/Tool/gener/dbtbl_tmp/ZZGDB.m for CIF.XNAME
[10:57:55] (20363) Link /home/pri/Tool/gener/dbtbl_tmp/ZZGDB.m for EFTPAY.RELREFNO
[10:57:55] (20337) Executing step 030 - 030_gen_trg_def
[10:57:55] (20337) /bin/ksh93  /home/pri/Tool/phase/GEN_P1/030_gen_trg_def -p GEN_P1 -s /home/pri/conf.txt -t /home/pri -d /tmp -b 10 -e 50
[10:57:55] (20580) Gen triggers definition
[10:57:55] (20337) Executing step 040 - 040_gen_rou_def
[10:57:55] (20337) /bin/ksh93  /home/pri/Tool/phase/GEN_P1/040_gen_rou_def -p GEN_P1 -s /home/pri/conf.txt -t /home/pri -d /tmp -b 10 -e 50
[10:57:55] (20646) Gen routines definition
[10:57:55] (20337) Executing step 050 - 050_gen_pipe_maker
[10:57:55] (20337) /bin/ksh93  /home/pri/Tool/phase/GEN_P1/050_gen_pipe_maker -p GEN_P1 -s /home/pri/conf.txt -t /home/pri -d /tmp -b 10 -e 50
[10:57:55] (20717) Gen scripts
[10:57:55] (20337) Phase GEN_P1 finished with step 50.
